
INFO  07:35:43 Application started. Press Ctrl+C to shut down.
INFO  07:35:43 Application started. Press Ctrl+C to shut down.
INFO  07:35:43 Hosting environment: Development
INFO  07:35:43 Hosting environment: Development
INFO  07:35:43 Content root path: C:\Users\saiab\source\repos\TodoList\TodoList
INFO  07:35:43 Content root path: C:\Users\saiab\source\repos\TodoList\TodoList
INFO  07:35:56 API initiated
INFO  07:35:56  Http GET is accesed
INFO  07:36:00 API initiated
INFO  07:36:00  Http GET is accesed
INFO  07:36:01 API initiated
INFO  07:36:01  Http GET is accesed
INFO  07:31:09 Application started. Press Ctrl+C to shut down.
INFO  07:31:09 Application started. Press Ctrl+C to shut down.
INFO  07:31:09 Hosting environment: Development
INFO  07:31:09 Hosting environment: Development
INFO  07:31:09 Content root path: C:\Users\saiab\source\repos\TodoList\TodoList
INFO  07:31:09 Content root path: C:\Users\saiab\source\repos\TodoList\TodoList
INFO  07:32:07 Post is accesed
INFO  07:32:17 API initiated
INFO  07:32:17  Http GET is accesed
INFO  07:32:19 API initiated
INFO  07:32:19  Http GET is accesed
INFO  10:55:09 Application started. Press Ctrl+C to shut down.
INFO  10:55:09 Application started. Press Ctrl+C to shut down.
INFO  10:55:09 Hosting environment: Development
INFO  10:55:09 Hosting environment: Development
INFO  10:55:09 Content root path: C:\Users\saiab\source\repos\TodoList\TodoList
INFO  10:55:09 Content root path: C:\Users\saiab\source\repos\TodoList\TodoList
INFO  10:55:19 API initiated
INFO  10:55:19  Http GET is accesed
INFO  10:56:01 Post is accesed
INFO  10:56:10 API initiated
INFO  10:56:10  Http GET is accesed
